{
  "RSpec": {
    "coverage": {
      "/Users/mirandawilson/Makers/week10/gilded_rose_tech_test/spec/features/seeing_how_items_change_over_time_spec.rb": {
        "lines": [
          1,
          1,
          null,
          null
        ]
      },
      "/Users/mirandawilson/Makers/week10/gilded_rose_tech_test/spec/gilded_rose_spec.rb": {
        "lines": [
          null,
          null,
          1,
          null,
          1,
          null,
          null,
          null,
          null,
          null,
          null,
          null,
          null,
          1,
          1,
          1,
          4,
          4,
          null,
          null,
          1,
          4,
          null,
          null,
          1,
          4,
          null,
          null,
          1,
          22,
          1,
          null,
          null,
          1,
          1,
          1,
          4,
          null,
          null,
          null,
          1,
          1,
          3,
          3,
          null,
          null,
          1,
          4,
          null,
          null,
          1,
          4,
          null,
          null,
          1,
          1,
          1,
          4,
          null,
          null,
          null,
          1,
          1,
          2,
          2,
          null,
          null,
          1,
          4,
          null,
          null,
          1,
          4,
          1,
          null,
          null,
          null,
          1,
          1,
          6,
          6,
          null,
          null,
          1,
          4,
          null,
          null,
          1,
          4,
          null,
          null,
          1,
          1,
          1,
          4,
          null,
          null,
          1,
          1,
          1,
          4,
          null,
          null,
          1,
          1,
          1,
          1,
          1,
          null,
          null,
          1,
          1,
          1,
          4,
          null,
          null,
          null,
          null
        ]
      },
      "/Users/mirandawilson/Makers/week10/gilded_rose_tech_test/lib/gilded_rose.rb": {
        "lines": [
          null,
          null,
          1,
          1,
          21,
          null,
          null,
          1,
          35,
          null,
          35,
          24,
          11,
          8,
          8,
          6,
          6,
          null,
          null,
          null,
          35,
          null,
          35,
          13,
          13,
          12,
          null,
          1,
          null,
          0,
          0,
          null,
          null,
          null,
          null,
          null,
          1,
          null,
          1,
          70,
          null,
          null,
          null,
          70,
          null,
          null,
          1,
          35,
          null,
          null,
          1,
          0,
          null,
          0,
          0,
          null,
          0,
          null,
          0,
          null,
          null,
          1,
          0,
          0,
          null,
          null,
          1,
          0,
          0,
          0,
          0,
          0,
          0,
          0,
          null,
          0,
          null,
          0,
          null,
          null,
          null
        ]
      },
      "/Users/mirandawilson/Makers/week10/gilded_rose_tech_test/spec/item_spec.rb": {
        "lines": [
          null,
          null,
          1,
          null,
          1,
          null
        ]
      },
      "/Users/mirandawilson/Makers/week10/gilded_rose_tech_test/lib/item.rb": {
        "lines": [
          null,
          null,
          1,
          1,
          null,
          1,
          21,
          21,
          21,
          null,
          null,
          1,
          0,
          null,
          null
        ]
      }
    },
    "timestamp": 1618413621
  }
}
